<?xml version="1.0" encoding="utf-8"?>
<TestRun id="e528623d-04d0-433e-9ca1-0010ae3d9443" name="@Air-Evgenia 2024-07-06 10:44:03" xmlns="http://microsoft.com/schemas/VisualStudio/TeamTest/2010">
  <Times creation="2024-07-06T10:44:03.4374700+02:00" queuing="2024-07-06T10:44:03.4374700+02:00" start="2024-07-06T10:43:50.2922960+02:00" finish="2024-07-06T10:44:03.4410570+02:00" />
  <TestSettings name="default" id="74c3f34e-6c55-4d1b-a750-52eea189b734">
    <Deployment runDeploymentRoot="_Air-Evgenia_2024-07-06_10_44_03" />
  </TestSettings>
  <Results>
    <UnitTestResult executionId="5be1bf7e-5832-4b3b-8d94-fc99e1cfe342" testId="8539ed31-cb1f-a705-715e-795b1c183cd4" testName="FillInParentFormViaMiacadamyAndMiaprepLinks" computerName="Air-Evgenia" duration="00:00:12.6790980" startTime="2024-07-06T10:43:50.6086980+02:00" endTime="2024-07-06T10:44:03.2873490+02:00" testType="13cdc9d9-ddb5-4fa4-a97d-d965ccfc6d4b" outcome="Passed" testListId="8c84fa94-04c1-424b-9868-57a2d4851a1d" relativeResultsDirectory="5be1bf7e-5832-4b3b-8d94-fc99e1cfe342" />
  </Results>
  <TestDefinitions>
    <UnitTest name="FillInParentFormViaMiacadamyAndMiaprepLinks" storage="/users/evgeniaagafonova/documents/projects/vscode/miacademy/bin/debug/net8.0/miacademy.dll" id="8539ed31-cb1f-a705-715e-795b1c183cd4">
      <Execution id="5be1bf7e-5832-4b3b-8d94-fc99e1cfe342" />
      <TestMethod codeBase="/Users/evgeniaagafonova/Documents/projects/VSCode/miacademy/bin/Debug/net8.0/miacademy.dll" adapterTypeName="executor://nunit3testexecutor/" className="miacademy.ParentFormTest" name="FillInParentFormViaMiacadamyAndMiaprepLinks" />
    </UnitTest>
  </TestDefinitions>
  <TestEntries>
    <TestEntry testId="8539ed31-cb1f-a705-715e-795b1c183cd4" executionId="5be1bf7e-5832-4b3b-8d94-fc99e1cfe342" testListId="8c84fa94-04c1-424b-9868-57a2d4851a1d" />
  </TestEntries>
  <TestLists>
    <TestList name="Results Not in a List" id="8c84fa94-04c1-424b-9868-57a2d4851a1d" />
    <TestList name="All Loaded Results" id="19431567-8539-422a-85d7-44ee4e166bda" />
  </TestLists>
  <ResultSummary outcome="Completed">
    <Counters total="1" executed="1" passed="1" failed="0" error="0" timeout="0" aborted="0" inconclusive="0" passedButRunAborted="0" notRunnable="0" notExecuted="0" disconnected="0" warning="0" completed="0" inProgress="0" pending="0" />
    <Output>
      <StdOut>NUnit Adapter 4.5.0.0: Test execution started
Running all tests in /Users/evgeniaagafonova/Documents/projects/VSCode/miacademy/bin/Debug/net8.0/miacademy.dll
   NUnit3TestExecutor discovered 1 of 1 NUnit test cases using Current Discovery mode, Non-Explicit run
NUnit Adapter 4.5.0.0: Test execution complete
</StdOut>
    </Output>
  </ResultSummary>
</TestRun>