<?xml version="1.0" encoding="utf-8"?>
<TestRun id="091996c9-c52f-49c2-bd66-116e4b4894a8" name="@Air-Evgenia 2024-07-06 11:06:08" xmlns="http://microsoft.com/schemas/VisualStudio/TeamTest/2010">
  <Times creation="2024-07-06T11:06:08.6766740+02:00" queuing="2024-07-06T11:06:08.6766740+02:00" start="2024-07-06T11:05:54.7663460+02:00" finish="2024-07-06T11:06:08.6804890+02:00" />
  <TestSettings name="default" id="bf9a0b90-6de8-4b49-96f4-0240b05d2144">
    <Deployment runDeploymentRoot="_Air-Evgenia_2024-07-06_11_06_08" />
  </TestSettings>
  <Results>
    <UnitTestResult executionId="74a57d79-a92b-4493-8358-8daa713a6940" testId="8539ed31-cb1f-a705-715e-795b1c183cd4" testName="FillInParentFormViaMiacadamyAndMiaprepLinks" computerName="Air-Evgenia" duration="00:00:13.3923260" startTime="2024-07-06T11:05:55.1368690+02:00" endTime="2024-07-06T11:06:08.5286650+02:00" testType="13cdc9d9-ddb5-4fa4-a97d-d965ccfc6d4b" outcome="Passed" testListId="8c84fa94-04c1-424b-9868-57a2d4851a1d" relativeResultsDirectory="74a57d79-a92b-4493-8358-8daa713a6940" />
  </Results>
  <TestDefinitions>
    <UnitTest name="FillInParentFormViaMiacadamyAndMiaprepLinks" storage="/users/evgeniaagafonova/documents/projects/vscode/miacademy/bin/debug/net8.0/miacademy.dll" id="8539ed31-cb1f-a705-715e-795b1c183cd4">
      <Execution id="74a57d79-a92b-4493-8358-8daa713a6940" />
      <TestMethod codeBase="/Users/evgeniaagafonova/Documents/projects/VSCode/miacademy/bin/Debug/net8.0/miacademy.dll" adapterTypeName="executor://nunit3testexecutor/" className="miacademy.ParentFormTest" name="FillInParentFormViaMiacadamyAndMiaprepLinks" />
    </UnitTest>
  </TestDefinitions>
  <TestEntries>
    <TestEntry testId="8539ed31-cb1f-a705-715e-795b1c183cd4" executionId="74a57d79-a92b-4493-8358-8daa713a6940" testListId="8c84fa94-04c1-424b-9868-57a2d4851a1d" />
  </TestEntries>
  <TestLists>
    <TestList name="Results Not in a List" id="8c84fa94-04c1-424b-9868-57a2d4851a1d" />
    <TestList name="All Loaded Results" id="19431567-8539-422a-85d7-44ee4e166bda" />
  </TestLists>
  <ResultSummary outcome="Completed">
    <Counters total="1" executed="1" passed="1" failed="0" error="0" timeout="0" aborted="0" inconclusive="0" passedButRunAborted="0" notRunnable="0" notExecuted="0" disconnected="0" warning="0" completed="0" inProgress="0" pending="0" />
    <Output>
      <StdOut>NUnit Adapter 4.5.0.0: Test execution started
Running all tests in /Users/evgeniaagafonova/Documents/projects/VSCode/miacademy/bin/Debug/net8.0/miacademy.dll
   NUnit3TestExecutor discovered 1 of 1 NUnit test cases using Current Discovery mode, Non-Explicit run
NUnit Adapter 4.5.0.0: Test execution complete
</StdOut>
    </Output>
  </ResultSummary>
</TestRun>