<?xml version="1.0" encoding="utf-8"?>
<TestRun id="69047be5-d6d3-403e-b5c2-fb36656aab46" name="@Air-Evgenia 2024-07-06 11:03:45" xmlns="http://microsoft.com/schemas/VisualStudio/TeamTest/2010">
  <Times creation="2024-07-06T11:03:45.6186140+02:00" queuing="2024-07-06T11:03:45.6186140+02:00" start="2024-07-06T11:03:30.4723560+02:00" finish="2024-07-06T11:03:45.6233080+02:00" />
  <TestSettings name="default" id="a392f48f-f891-4296-8c4b-b65d20f618d9">
    <Deployment runDeploymentRoot="_Air-Evgenia_2024-07-06_11_03_45" />
  </TestSettings>
  <Results>
    <UnitTestResult executionId="545716c4-3cad-4405-b5c8-41c49de67eb4" testId="8539ed31-cb1f-a705-715e-795b1c183cd4" testName="FillInParentFormViaMiacadamyAndMiaprepLinks" computerName="Air-Evgenia" duration="00:00:14.6253220" startTime="2024-07-06T11:03:30.8374550+02:00" endTime="2024-07-06T11:03:45.4622220+02:00" testType="13cdc9d9-ddb5-4fa4-a97d-d965ccfc6d4b" outcome="Passed" testListId="8c84fa94-04c1-424b-9868-57a2d4851a1d" relativeResultsDirectory="545716c4-3cad-4405-b5c8-41c49de67eb4" />
  </Results>
  <TestDefinitions>
    <UnitTest name="FillInParentFormViaMiacadamyAndMiaprepLinks" storage="/users/evgeniaagafonova/documents/projects/vscode/miacademy/bin/debug/net8.0/miacademy.dll" id="8539ed31-cb1f-a705-715e-795b1c183cd4">
      <Execution id="545716c4-3cad-4405-b5c8-41c49de67eb4" />
      <TestMethod codeBase="/Users/evgeniaagafonova/Documents/projects/VSCode/miacademy/bin/Debug/net8.0/miacademy.dll" adapterTypeName="executor://nunit3testexecutor/" className="miacademy.ParentFormTest" name="FillInParentFormViaMiacadamyAndMiaprepLinks" />
    </UnitTest>
  </TestDefinitions>
  <TestEntries>
    <TestEntry testId="8539ed31-cb1f-a705-715e-795b1c183cd4" executionId="545716c4-3cad-4405-b5c8-41c49de67eb4" testListId="8c84fa94-04c1-424b-9868-57a2d4851a1d" />
  </TestEntries>
  <TestLists>
    <TestList name="Results Not in a List" id="8c84fa94-04c1-424b-9868-57a2d4851a1d" />
    <TestList name="All Loaded Results" id="19431567-8539-422a-85d7-44ee4e166bda" />
  </TestLists>
  <ResultSummary outcome="Completed">
    <Counters total="1" executed="1" passed="1" failed="0" error="0" timeout="0" aborted="0" inconclusive="0" passedButRunAborted="0" notRunnable="0" notExecuted="0" disconnected="0" warning="0" completed="0" inProgress="0" pending="0" />
    <Output>
      <StdOut>NUnit Adapter 4.5.0.0: Test execution started
Running all tests in /Users/evgeniaagafonova/Documents/projects/VSCode/miacademy/bin/Debug/net8.0/miacademy.dll
   NUnit3TestExecutor discovered 1 of 1 NUnit test cases using Current Discovery mode, Non-Explicit run
NUnit Adapter 4.5.0.0: Test execution complete
</StdOut>
    </Output>
  </ResultSummary>
</TestRun>